0 info it worked if it ends with ok
1 verbose cli [ '/usr/local/Cellar/node/7.5.0/bin/node',
1 verbose cli   '/usr/local/bin/npm',
1 verbose cli   'run',
1 verbose cli   'tests' ]
2 info using npm@4.1.2
3 info using node@v7.5.0
4 verbose run-script [ 'pretests', 'tests', 'posttests' ]
5 info lifecycle chimptest@~pretests: chimptest@
6 silly lifecycle chimptest@~pretests: no script for pretests, continuing
7 info lifecycle chimptest@~tests: chimptest@
8 verbose lifecycle chimptest@~tests: unsafe-perm in lifecycle true
9 verbose lifecycle chimptest@~tests: PATH: /usr/local/lib/node_modules/npm/bin/node-gyp-bin:/Users/wok/_NO_BACKUP_nosync/chimptest/node_modules/.bin:/usr/local/bin:/usr/bin:/bin:/usr/sbin:/sbin:/Users/wok/bin
10 verbose lifecycle chimptest@~tests: CWD: /Users/wok/_NO_BACKUP_nosync/chimptest
11 silly lifecycle chimptest@~tests: Args: [ '-c',
11 silly lifecycle   'chimp --ddp=http://localhost:3000 --mocha --path=tests/' ]
12 silly lifecycle chimptest@~tests: Returned: code: 2  signal: null
13 info lifecycle chimptest@~tests: Failed to exec tests script
14 verbose stack Error: chimptest@ tests: `chimp --ddp=http://localhost:3000 --mocha --path=tests/`
14 verbose stack Exit status 2
14 verbose stack     at EventEmitter.<anonymous> (/usr/local/lib/node_modules/npm/lib/utils/lifecycle.js:279:16)
14 verbose stack     at emitTwo (events.js:106:13)
14 verbose stack     at EventEmitter.emit (events.js:192:7)
14 verbose stack     at ChildProcess.<anonymous> (/usr/local/lib/node_modules/npm/lib/utils/spawn.js:40:14)
14 verbose stack     at emitTwo (events.js:106:13)
14 verbose stack     at ChildProcess.emit (events.js:192:7)
14 verbose stack     at maybeClose (internal/child_process.js:890:16)
14 verbose stack     at Process.ChildProcess._handle.onexit (internal/child_process.js:226:5)
15 verbose pkgid chimptest@
16 verbose cwd /Users/wok/_NO_BACKUP_nosync/chimptest
17 error Darwin 15.6.0
18 error argv "/usr/local/Cellar/node/7.5.0/bin/node" "/usr/local/bin/npm" "run" "tests"
19 error node v7.5.0
20 error npm  v4.1.2
21 error code ELIFECYCLE
22 error chimptest@ tests: `chimp --ddp=http://localhost:3000 --mocha --path=tests/`
22 error Exit status 2
23 error Failed at the chimptest@ tests script 'chimp --ddp=http://localhost:3000 --mocha --path=tests/'.
23 error Make sure you have the latest version of node.js and npm installed.
23 error If you do, this is most likely a problem with the chimptest package,
23 error not with npm itself.
23 error Tell the author that this fails on your system:
23 error     chimp --ddp=http://localhost:3000 --mocha --path=tests/
23 error You can get information on how to open an issue for this project with:
23 error     npm bugs chimptest
23 error Or if that isn't available, you can get their info via:
23 error     npm owner ls chimptest
23 error There is likely additional logging output above.
24 verbose exit [ 1, true ]
